::1 - - [01/Apr/2022:17:40:32 +0000] "OPTIONS /api/auth/login HTTP/1.1" 204 - "http://localhost:8080/" "Mozilla/5.0 (Windows NT 10.0; Win64; x64) AppleWebKit/537.36 (KHTML, like Gecko) Chrome/100.0.4896.60 Safari/537.36"
::1 - - [01/Apr/2022:17:40:32 +0000] "POST /api/auth/login HTTP/1.1" 200 470 "http://localhost:8080/" "Mozilla/5.0 (Windows NT 10.0; Win64; x64) AppleWebKit/537.36 (KHTML, like Gecko) Chrome/100.0.4896.60 Safari/537.36"
::1 - - [01/Apr/2022:17:40:32 +0000] "OPTIONS /api/auth/info HTTP/1.1" 204 - "http://localhost:8080/" "Mozilla/5.0 (Windows NT 10.0; Win64; x64) AppleWebKit/537.36 (KHTML, like Gecko) Chrome/100.0.4896.60 Safari/537.36"
::1 - - [01/Apr/2022:17:40:33 +0000] "POST /api/auth/info HTTP/1.1" 200 300 "http://localhost:8080/" "Mozilla/5.0 (Windows NT 10.0; Win64; x64) AppleWebKit/537.36 (KHTML, like Gecko) Chrome/100.0.4896.60 Safari/537.36"
::1 - - [01/Apr/2022:17:40:33 +0000] "OPTIONS /api/idea?page=1 HTTP/1.1" 204 - "http://localhost:8080/" "Mozilla/5.0 (Windows NT 10.0; Win64; x64) AppleWebKit/537.36 (KHTML, like Gecko) Chrome/100.0.4896.60 Safari/537.36"
::1 - - [01/Apr/2022:17:40:34 +0000] "GET /api/idea?page=1 HTTP/1.1" 200 13181 "http://localhost:8080/" "Mozilla/5.0 (Windows NT 10.0; Win64; x64) AppleWebKit/537.36 (KHTML, like Gecko) Chrome/100.0.4896.60 Safari/537.36"
::1 - - [01/Apr/2022:17:40:34 +0000] "GET /uploads/277576940_430051662215495_5776822797509356599_n-17fd534249e.jpg HTTP/1.1" 200 9 "http://localhost:8080/" "Mozilla/5.0 (Windows NT 10.0; Win64; x64) AppleWebKit/537.36 (KHTML, like Gecko) Chrome/100.0.4896.60 Safari/537.36"
::1 - - [01/Apr/2022:17:40:49 +0000] "OPTIONS /api/idea?page=1 HTTP/1.1" 204 - "http://localhost:8080/" "Mozilla/5.0 (Windows NT 10.0; Win64; x64) AppleWebKit/537.36 (KHTML, like Gecko) Chrome/100.0.4896.60 Safari/537.36"
::1 - - [01/Apr/2022:17:40:50 +0000] "GET /api/idea?page=1 HTTP/1.1" 200 13196 "http://localhost:8080/" "Mozilla/5.0 (Windows NT 10.0; Win64; x64) AppleWebKit/537.36 (KHTML, like Gecko) Chrome/100.0.4896.60 Safari/537.36"
::1 - - [01/Apr/2022:17:40:50 +0000] "GET /uploads/277576940_430051662215495_5776822797509356599_n-17fd534249e.jpg HTTP/1.1" 200 9 "http://localhost:8080/" "Mozilla/5.0 (Windows NT 10.0; Win64; x64) AppleWebKit/537.36 (KHTML, like Gecko) Chrome/100.0.4896.60 Safari/537.36"
::1 - - [01/Apr/2022:17:41:09 +0000] "OPTIONS /api/idea?page=1 HTTP/1.1" 204 - "http://localhost:8080/" "Mozilla/5.0 (Windows NT 10.0; Win64; x64) AppleWebKit/537.36 (KHTML, like Gecko) Chrome/100.0.4896.60 Safari/537.36"
::1 - - [01/Apr/2022:17:41:10 +0000] "GET /api/idea?page=1 HTTP/1.1" 200 13211 "http://localhost:8080/" "Mozilla/5.0 (Windows NT 10.0; Win64; x64) AppleWebKit/537.36 (KHTML, like Gecko) Chrome/100.0.4896.60 Safari/537.36"
::1 - - [01/Apr/2022:17:41:10 +0000] "GET /uploads/277576940_430051662215495_5776822797509356599_n-17fd534249e.jpg HTTP/1.1" 200 9 "http://localhost:8080/" "Mozilla/5.0 (Windows NT 10.0; Win64; x64) AppleWebKit/537.36 (KHTML, like Gecko) Chrome/100.0.4896.60 Safari/537.36"
::1 - - [01/Apr/2022:17:42:19 +0000] "OPTIONS /api/idea?page=1 HTTP/1.1" 204 - "http://localhost:8080/" "Mozilla/5.0 (Windows NT 10.0; Win64; x64) AppleWebKit/537.36 (KHTML, like Gecko) Chrome/100.0.4896.60 Safari/537.36"
::1 - - [01/Apr/2022:17:42:20 +0000] "GET /api/idea?page=1 HTTP/1.1" 200 13211 "http://localhost:8080/" "Mozilla/5.0 (Windows NT 10.0; Win64; x64) AppleWebKit/537.36 (KHTML, like Gecko) Chrome/100.0.4896.60 Safari/537.36"
::1 - - [01/Apr/2022:17:42:41 +0000] "OPTIONS /api/idea?page=1 HTTP/1.1" 204 - "http://localhost:8080/" "Mozilla/5.0 (Windows NT 10.0; Win64; x64) AppleWebKit/537.36 (KHTML, like Gecko) Chrome/100.0.4896.60 Safari/537.36"
::1 - - [01/Apr/2022:17:42:42 +0000] "GET /api/idea?page=1 HTTP/1.1" 200 13211 "http://localhost:8080/" "Mozilla/5.0 (Windows NT 10.0; Win64; x64) AppleWebKit/537.36 (KHTML, like Gecko) Chrome/100.0.4896.60 Safari/537.36"
::1 - - [01/Apr/2022:17:42:43 +0000] "GET /api/idea?page=1 HTTP/1.1" 200 13211 "http://localhost:8080/" "Mozilla/5.0 (Windows NT 10.0; Win64; x64) AppleWebKit/537.36 (KHTML, like Gecko) Chrome/100.0.4896.60 Safari/537.36"
::1 - - [01/Apr/2022:17:42:55 +0000] "OPTIONS /api/idea?page=1 HTTP/1.1" 204 - "http://localhost:8080/" "Mozilla/5.0 (Windows NT 10.0; Win64; x64) AppleWebKit/537.36 (KHTML, like Gecko) Chrome/100.0.4896.60 Safari/537.36"
::1 - - [01/Apr/2022:17:42:56 +0000] "GET /api/idea?page=1 HTTP/1.1" 200 13211 "http://localhost:8080/" "Mozilla/5.0 (Windows NT 10.0; Win64; x64) AppleWebKit/537.36 (KHTML, like Gecko) Chrome/100.0.4896.60 Safari/537.36"
::1 - - [01/Apr/2022:17:42:57 +0000] "GET /api/idea?page=1 HTTP/1.1" 200 13211 "http://localhost:8080/" "Mozilla/5.0 (Windows NT 10.0; Win64; x64) AppleWebKit/537.36 (KHTML, like Gecko) Chrome/100.0.4896.60 Safari/537.36"
::1 - - [01/Apr/2022:17:43:40 +0000] "OPTIONS /api/idea?page=1 HTTP/1.1" 204 - "http://localhost:8080/" "Mozilla/5.0 (Windows NT 10.0; Win64; x64) AppleWebKit/537.36 (KHTML, like Gecko) Chrome/100.0.4896.60 Safari/537.36"
::1 - - [01/Apr/2022:17:43:41 +0000] "GET /api/idea?page=1 HTTP/1.1" 200 13211 "http://localhost:8080/" "Mozilla/5.0 (Windows NT 10.0; Win64; x64) AppleWebKit/537.36 (KHTML, like Gecko) Chrome/100.0.4896.60 Safari/537.36"
::1 - - [01/Apr/2022:17:43:42 +0000] "GET /api/idea?page=1 HTTP/1.1" 200 13211 "http://localhost:8080/" "Mozilla/5.0 (Windows NT 10.0; Win64; x64) AppleWebKit/537.36 (KHTML, like Gecko) Chrome/100.0.4896.60 Safari/537.36"
::1 - - [01/Apr/2022:17:44:38 +0000] "OPTIONS /api/idea?page=1 HTTP/1.1" 204 - "http://localhost:8080/" "Mozilla/5.0 (Windows NT 10.0; Win64; x64) AppleWebKit/537.36 (KHTML, like Gecko) Chrome/100.0.4896.60 Safari/537.36"
::1 - - [01/Apr/2022:17:44:39 +0000] "GET /api/idea?page=1 HTTP/1.1" 200 13211 "http://localhost:8080/" "Mozilla/5.0 (Windows NT 10.0; Win64; x64) AppleWebKit/537.36 (KHTML, like Gecko) Chrome/100.0.4896.60 Safari/537.36"
::1 - - [01/Apr/2022:17:48:14 +0000] "OPTIONS /api/auth/login HTTP/1.1" 204 - "http://localhost:8080/" "Mozilla/5.0 (Windows NT 10.0; Win64; x64) AppleWebKit/537.36 (KHTML, like Gecko) Chrome/100.0.4896.60 Safari/537.36"
::1 - - [01/Apr/2022:17:48:14 +0000] "POST /api/auth/login HTTP/1.1" 200 470 "http://localhost:8080/" "Mozilla/5.0 (Windows NT 10.0; Win64; x64) AppleWebKit/537.36 (KHTML, like Gecko) Chrome/100.0.4896.60 Safari/537.36"
::1 - - [01/Apr/2022:17:48:14 +0000] "OPTIONS /api/auth/info HTTP/1.1" 204 - "http://localhost:8080/" "Mozilla/5.0 (Windows NT 10.0; Win64; x64) AppleWebKit/537.36 (KHTML, like Gecko) Chrome/100.0.4896.60 Safari/537.36"
::1 - - [01/Apr/2022:17:48:14 +0000] "POST /api/auth/info HTTP/1.1" 200 300 "http://localhost:8080/" "Mozilla/5.0 (Windows NT 10.0; Win64; x64) AppleWebKit/537.36 (KHTML, like Gecko) Chrome/100.0.4896.60 Safari/537.36"
::1 - - [01/Apr/2022:17:48:14 +0000] "OPTIONS /api/idea?page=1 HTTP/1.1" 204 - "http://localhost:8080/" "Mozilla/5.0 (Windows NT 10.0; Win64; x64) AppleWebKit/537.36 (KHTML, like Gecko) Chrome/100.0.4896.60 Safari/537.36"
::1 - - [01/Apr/2022:17:48:16 +0000] "GET /api/idea?page=1 HTTP/1.1" 200 13211 "http://localhost:8080/" "Mozilla/5.0 (Windows NT 10.0; Win64; x64) AppleWebKit/537.36 (KHTML, like Gecko) Chrome/100.0.4896.60 Safari/537.36"
::1 - - [01/Apr/2022:17:48:16 +0000] "GET /uploads/277576940_430051662215495_5776822797509356599_n-17fd534249e.jpg HTTP/1.1" 200 9 "http://localhost:8080/" "Mozilla/5.0 (Windows NT 10.0; Win64; x64) AppleWebKit/537.36 (KHTML, like Gecko) Chrome/100.0.4896.60 Safari/537.36"
::1 - - [01/Apr/2022:17:49:25 +0000] "OPTIONS /api/idea?page=1 HTTP/1.1" 204 - "http://localhost:8080/" "Mozilla/5.0 (Windows NT 10.0; Win64; x64) AppleWebKit/537.36 (KHTML, like Gecko) Chrome/100.0.4896.60 Safari/537.36"
::1 - - [01/Apr/2022:17:49:26 +0000] "GET /api/idea?page=1 HTTP/1.1" 200 2158 "http://localhost:8080/" "Mozilla/5.0 (Windows NT 10.0; Win64; x64) AppleWebKit/537.36 (KHTML, like Gecko) Chrome/100.0.4896.60 Safari/537.36"
::1 - - [01/Apr/2022:17:49:26 +0000] "GET /uploads/277576940_430051662215495_5776822797509356599_n-17fd534249e.jpg HTTP/1.1" 200 9 "http://localhost:8080/" "Mozilla/5.0 (Windows NT 10.0; Win64; x64) AppleWebKit/537.36 (KHTML, like Gecko) Chrome/100.0.4896.60 Safari/537.36"
::1 - - [01/Apr/2022:17:49:40 +0000] "OPTIONS /api/idea?page=1 HTTP/1.1" 204 - "http://localhost:8080/" "Mozilla/5.0 (Windows NT 10.0; Win64; x64) AppleWebKit/537.36 (KHTML, like Gecko) Chrome/100.0.4896.60 Safari/537.36"
::1 - - [01/Apr/2022:17:49:41 +0000] "GET /api/idea?page=1 HTTP/1.1" 200 2158 "http://localhost:8080/" "Mozilla/5.0 (Windows NT 10.0; Win64; x64) AppleWebKit/537.36 (KHTML, like Gecko) Chrome/100.0.4896.60 Safari/537.36"
::1 - - [01/Apr/2022:17:49:41 +0000] "GET /uploads/277576940_430051662215495_5776822797509356599_n-17fd534249e.jpg HTTP/1.1" 200 9 "http://localhost:8080/" "Mozilla/5.0 (Windows NT 10.0; Win64; x64) AppleWebKit/537.36 (KHTML, like Gecko) Chrome/100.0.4896.60 Safari/537.36"
::1 - - [01/Apr/2022:17:52:56 +0000] "OPTIONS /api/category HTTP/1.1" 204 - "http://localhost:8080/" "Mozilla/5.0 (Windows NT 10.0; Win64; x64) AppleWebKit/537.36 (KHTML, like Gecko) Chrome/100.0.4896.60 Safari/537.36"
::1 - - [01/Apr/2022:17:52:56 +0000] "GET /api/category HTTP/1.1" 200 980 "http://localhost:8080/" "Mozilla/5.0 (Windows NT 10.0; Win64; x64) AppleWebKit/537.36 (KHTML, like Gecko) Chrome/100.0.4896.60 Safari/537.36"
::1 - - [01/Apr/2022:18:09:46 +0000] "OPTIONS /api/role HTTP/1.1" 204 - "http://localhost:8080/" "Mozilla/5.0 (Windows NT 10.0; Win64; x64) AppleWebKit/537.36 (KHTML, like Gecko) Chrome/100.0.4896.60 Safari/537.36"
::1 - - [01/Apr/2022:18:09:46 +0000] "OPTIONS /api/department HTTP/1.1" 204 - "http://localhost:8080/" "Mozilla/5.0 (Windows NT 10.0; Win64; x64) AppleWebKit/537.36 (KHTML, like Gecko) Chrome/100.0.4896.60 Safari/537.36"
::1 - - [01/Apr/2022:18:09:46 +0000] "OPTIONS /api/user HTTP/1.1" 204 - "http://localhost:8080/" "Mozilla/5.0 (Windows NT 10.0; Win64; x64) AppleWebKit/537.36 (KHTML, like Gecko) Chrome/100.0.4896.60 Safari/537.36"
::1 - - [01/Apr/2022:18:09:47 +0000] "OPTIONS /api/idea?page=1 HTTP/1.1" 204 - "http://localhost:8080/" "Mozilla/5.0 (Windows NT 10.0; Win64; x64) AppleWebKit/537.36 (KHTML, like Gecko) Chrome/100.0.4896.60 Safari/537.36"
::1 - - [01/Apr/2022:18:09:48 +0000] "GET /api/role HTTP/1.1" 200 317 "http://localhost:8080/" "Mozilla/5.0 (Windows NT 10.0; Win64; x64) AppleWebKit/537.36 (KHTML, like Gecko) Chrome/100.0.4896.60 Safari/537.36"
::1 - - [01/Apr/2022:18:09:48 +0000] "GET /api/user HTTP/1.1" 200 1612 "http://localhost:8080/" "Mozilla/5.0 (Windows NT 10.0; Win64; x64) AppleWebKit/537.36 (KHTML, like Gecko) Chrome/100.0.4896.60 Safari/537.36"
::1 - - [01/Apr/2022:18:09:49 +0000] "GET /api/department HTTP/1.1" 200 381 "http://localhost:8080/" "Mozilla/5.0 (Windows NT 10.0; Win64; x64) AppleWebKit/537.36 (KHTML, like Gecko) Chrome/100.0.4896.60 Safari/537.36"
::1 - - [01/Apr/2022:18:09:49 +0000] "GET /api/idea?page=1 HTTP/1.1" 200 2038 "http://localhost:8080/" "Mozilla/5.0 (Windows NT 10.0; Win64; x64) AppleWebKit/537.36 (KHTML, like Gecko) Chrome/100.0.4896.60 Safari/537.36"
::1 - - [01/Apr/2022:18:10:00 +0000] "OPTIONS /api/role HTTP/1.1" 204 - "http://localhost:8080/" "Mozilla/5.0 (Windows NT 10.0; Win64; x64) AppleWebKit/537.36 (KHTML, like Gecko) Chrome/100.0.4896.60 Safari/537.36"
::1 - - [01/Apr/2022:18:10:00 +0000] "OPTIONS /api/department HTTP/1.1" 204 - "http://localhost:8080/" "Mozilla/5.0 (Windows NT 10.0; Win64; x64) AppleWebKit/537.36 (KHTML, like Gecko) Chrome/100.0.4896.60 Safari/537.36"
::1 - - [01/Apr/2022:18:10:00 +0000] "OPTIONS /api/user HTTP/1.1" 204 - "http://localhost:8080/" "Mozilla/5.0 (Windows NT 10.0; Win64; x64) AppleWebKit/537.36 (KHTML, like Gecko) Chrome/100.0.4896.60 Safari/537.36"
::1 - - [01/Apr/2022:18:10:01 +0000] "GET /api/role HTTP/1.1" 200 317 "http://localhost:8080/" "Mozilla/5.0 (Windows NT 10.0; Win64; x64) AppleWebKit/537.36 (KHTML, like Gecko) Chrome/100.0.4896.60 Safari/537.36"
::1 - - [01/Apr/2022:18:10:01 +0000] "GET /api/user HTTP/1.1" 200 1612 "http://localhost:8080/" "Mozilla/5.0 (Windows NT 10.0; Win64; x64) AppleWebKit/537.36 (KHTML, like Gecko) Chrome/100.0.4896.60 Safari/537.36"
::1 - - [01/Apr/2022:18:10:01 +0000] "OPTIONS /api/category HTTP/1.1" 204 - "http://localhost:8080/" "Mozilla/5.0 (Windows NT 10.0; Win64; x64) AppleWebKit/537.36 (KHTML, like Gecko) Chrome/100.0.4896.60 Safari/537.36"
::1 - - [01/Apr/2022:18:10:01 +0000] "GET /api/department HTTP/1.1" 200 381 "http://localhost:8080/" "Mozilla/5.0 (Windows NT 10.0; Win64; x64) AppleWebKit/537.36 (KHTML, like Gecko) Chrome/100.0.4896.60 Safari/537.36"
::1 - - [01/Apr/2022:18:10:01 +0000] "GET /api/category HTTP/1.1" 200 980 "http://localhost:8080/" "Mozilla/5.0 (Windows NT 10.0; Win64; x64) AppleWebKit/537.36 (KHTML, like Gecko) Chrome/100.0.4896.60 Safari/537.36"
::1 - - [01/Apr/2022:18:10:03 +0000] "GET /api/role HTTP/1.1" 200 317 "http://localhost:8080/" "Mozilla/5.0 (Windows NT 10.0; Win64; x64) AppleWebKit/537.36 (KHTML, like Gecko) Chrome/100.0.4896.60 Safari/537.36"
::1 - - [01/Apr/2022:18:10:03 +0000] "GET /api/user HTTP/1.1" 200 1612 "http://localhost:8080/" "Mozilla/5.0 (Windows NT 10.0; Win64; x64) AppleWebKit/537.36 (KHTML, like Gecko) Chrome/100.0.4896.60 Safari/537.36"
::1 - - [01/Apr/2022:18:10:03 +0000] "GET /api/department HTTP/1.1" 200 381 "http://localhost:8080/" "Mozilla/5.0 (Windows NT 10.0; Win64; x64) AppleWebKit/537.36 (KHTML, like Gecko) Chrome/100.0.4896.60 Safari/537.36"
::1 - - [08/Apr/2022:18:33:23 +0000] "OPTIONS /api/auth/login HTTP/1.1" 204 - "http://localhost:8080/" "Mozilla/5.0 (Macintosh; Intel Mac OS X 10_15_7) AppleWebKit/537.36 (KHTML, like Gecko) Chrome/100.0.4896.75 Safari/537.36"
::1 - - [08/Apr/2022:18:33:23 +0000] "POST /api/auth/login HTTP/1.1" 200 470 "http://localhost:8080/" "Mozilla/5.0 (Macintosh; Intel Mac OS X 10_15_7) AppleWebKit/537.36 (KHTML, like Gecko) Chrome/100.0.4896.75 Safari/537.36"
::1 - - [08/Apr/2022:18:33:23 +0000] "OPTIONS /api/auth/info HTTP/1.1" 204 - "http://localhost:8080/" "Mozilla/5.0 (Macintosh; Intel Mac OS X 10_15_7) AppleWebKit/537.36 (KHTML, like Gecko) Chrome/100.0.4896.75 Safari/537.36"
::1 - - [08/Apr/2022:18:33:23 +0000] "POST /api/auth/info HTTP/1.1" 200 297 "http://localhost:8080/" "Mozilla/5.0 (Macintosh; Intel Mac OS X 10_15_7) AppleWebKit/537.36 (KHTML, like Gecko) Chrome/100.0.4896.75 Safari/537.36"
::1 - - [08/Apr/2022:18:33:23 +0000] "OPTIONS /api/idea?page=1 HTTP/1.1" 204 - "http://localhost:8080/" "Mozilla/5.0 (Macintosh; Intel Mac OS X 10_15_7) AppleWebKit/537.36 (KHTML, like Gecko) Chrome/100.0.4896.75 Safari/537.36"
::1 - - [08/Apr/2022:18:33:25 +0000] "GET /api/idea?page=1 HTTP/1.1" 200 28673 "http://localhost:8080/" "Mozilla/5.0 (Macintosh; Intel Mac OS X 10_15_7) AppleWebKit/537.36 (KHTML, like Gecko) Chrome/100.0.4896.75 Safari/537.36"
::1 - - [08/Apr/2022:18:40:22 +0000] "OPTIONS /api/idea?page=1 HTTP/1.1" 204 - "http://localhost:8080/" "Mozilla/5.0 (Macintosh; Intel Mac OS X 10_15_7) AppleWebKit/537.36 (KHTML, like Gecko) Chrome/100.0.4896.75 Safari/537.36"
::1 - - [08/Apr/2022:18:40:24 +0000] "GET /api/idea?page=1 HTTP/1.1" 200 28673 "http://localhost:8080/" "Mozilla/5.0 (Macintosh; Intel Mac OS X 10_15_7) AppleWebKit/537.36 (KHTML, like Gecko) Chrome/100.0.4896.75 Safari/537.36"
::1 - - [08/Apr/2022:18:42:18 +0000] "OPTIONS /api/idea?page=1 HTTP/1.1" 204 - "http://localhost:8080/" "Mozilla/5.0 (Macintosh; Intel Mac OS X 10_15_7) AppleWebKit/537.36 (KHTML, like Gecko) Chrome/100.0.4896.75 Safari/537.36"
::1 - - [08/Apr/2022:18:42:19 +0000] "GET /api/idea?page=1 HTTP/1.1" 200 28673 "http://localhost:8080/" "Mozilla/5.0 (Macintosh; Intel Mac OS X 10_15_7) AppleWebKit/537.36 (KHTML, like Gecko) Chrome/100.0.4896.75 Safari/537.36"
::1 - - [08/Apr/2022:18:42:27 +0000] "OPTIONS /api/idea?page=1 HTTP/1.1" 204 - "http://localhost:8080/" "Mozilla/5.0 (Macintosh; Intel Mac OS X 10_15_7) AppleWebKit/537.36 (KHTML, like Gecko) Chrome/100.0.4896.75 Safari/537.36"
::1 - - [08/Apr/2022:18:42:28 +0000] "OPTIONS /api/idea HTTP/1.1" 204 - "http://localhost:8080/" "Mozilla/5.0 (Macintosh; Intel Mac OS X 10_15_7) AppleWebKit/537.36 (KHTML, like Gecko) Chrome/100.0.4896.75 Safari/537.36"
::1 - - [08/Apr/2022:18:42:28 +0000] "OPTIONS /api/user HTTP/1.1" 204 - "http://localhost:8080/" "Mozilla/5.0 (Macintosh; Intel Mac OS X 10_15_7) AppleWebKit/537.36 (KHTML, like Gecko) Chrome/100.0.4896.75 Safari/537.36"
::1 - - [08/Apr/2022:18:42:28 +0000] "OPTIONS /api/department HTTP/1.1" 204 - "http://localhost:8080/" "Mozilla/5.0 (Macintosh; Intel Mac OS X 10_15_7) AppleWebKit/537.36 (KHTML, like Gecko) Chrome/100.0.4896.75 Safari/537.36"
::1 - - [08/Apr/2022:18:42:28 +0000] "OPTIONS /api/category HTTP/1.1" 204 - "http://localhost:8080/" "Mozilla/5.0 (Macintosh; Intel Mac OS X 10_15_7) AppleWebKit/537.36 (KHTML, like Gecko) Chrome/100.0.4896.75 Safari/537.36"
::1 - - [08/Apr/2022:18:42:29 +0000] "GET /api/idea HTTP/1.1" 200 6413 "http://localhost:8080/" "Mozilla/5.0 (Macintosh; Intel Mac OS X 10_15_7) AppleWebKit/537.36 (KHTML, like Gecko) Chrome/100.0.4896.75 Safari/537.36"
::1 - - [08/Apr/2022:18:42:29 +0000] "GET /api/user HTTP/1.1" 200 3279 "http://localhost:8080/" "Mozilla/5.0 (Macintosh; Intel Mac OS X 10_15_7) AppleWebKit/537.36 (KHTML, like Gecko) Chrome/100.0.4896.75 Safari/537.36"
::1 - - [08/Apr/2022:18:42:29 +0000] "GET /api/category HTTP/1.1" 200 980 "http://localhost:8080/" "Mozilla/5.0 (Macintosh; Intel Mac OS X 10_15_7) AppleWebKit/537.36 (KHTML, like Gecko) Chrome/100.0.4896.75 Safari/537.36"
::1 - - [08/Apr/2022:18:42:30 +0000] "GET /api/idea?page=1 HTTP/1.1" 200 28673 "http://localhost:8080/" "Mozilla/5.0 (Macintosh; Intel Mac OS X 10_15_7) AppleWebKit/537.36 (KHTML, like Gecko) Chrome/100.0.4896.75 Safari/537.36"
::1 - - [08/Apr/2022:18:42:30 +0000] "GET /api/department HTTP/1.1" 200 677 "http://localhost:8080/" "Mozilla/5.0 (Macintosh; Intel Mac OS X 10_15_7) AppleWebKit/537.36 (KHTML, like Gecko) Chrome/100.0.4896.75 Safari/537.36"
::1 - - [08/Apr/2022:18:42:31 +0000] "GET /api/department HTTP/1.1" 200 677 "http://localhost:8080/" "Mozilla/5.0 (Macintosh; Intel Mac OS X 10_15_7) AppleWebKit/537.36 (KHTML, like Gecko) Chrome/100.0.4896.75 Safari/537.36"
::1 - - [08/Apr/2022:18:42:34 +0000] "OPTIONS /api/role HTTP/1.1" 204 - "http://localhost:8080/" "Mozilla/5.0 (Macintosh; Intel Mac OS X 10_15_7) AppleWebKit/537.36 (KHTML, like Gecko) Chrome/100.0.4896.75 Safari/537.36"
::1 - - [08/Apr/2022:18:42:34 +0000] "OPTIONS /api/department HTTP/1.1" 204 - "http://localhost:8080/" "Mozilla/5.0 (Macintosh; Intel Mac OS X 10_15_7) AppleWebKit/537.36 (KHTML, like Gecko) Chrome/100.0.4896.75 Safari/537.36"
::1 - - [08/Apr/2022:18:42:34 +0000] "OPTIONS /api/user HTTP/1.1" 204 - "http://localhost:8080/" "Mozilla/5.0 (Macintosh; Intel Mac OS X 10_15_7) AppleWebKit/537.36 (KHTML, like Gecko) Chrome/100.0.4896.75 Safari/537.36"
::1 - - [08/Apr/2022:18:42:34 +0000] "GET /api/user HTTP/1.1" 200 3279 "http://localhost:8080/" "Mozilla/5.0 (Macintosh; Intel Mac OS X 10_15_7) AppleWebKit/537.36 (KHTML, like Gecko) Chrome/100.0.4896.75 Safari/537.36"
::1 - - [08/Apr/2022:18:42:34 +0000] "GET /api/role HTTP/1.1" 200 317 "http://localhost:8080/" "Mozilla/5.0 (Macintosh; Intel Mac OS X 10_15_7) AppleWebKit/537.36 (KHTML, like Gecko) Chrome/100.0.4896.75 Safari/537.36"
::1 - - [08/Apr/2022:18:42:35 +0000] "GET /api/department HTTP/1.1" 200 677 "http://localhost:8080/" "Mozilla/5.0 (Macintosh; Intel Mac OS X 10_15_7) AppleWebKit/537.36 (KHTML, like Gecko) Chrome/100.0.4896.75 Safari/537.36"
::1 - - [09/Apr/2022:03:07:19 +0000] "POST /api/idea/downloadfile HTTP/1.1" 200 9 "-" "PostmanRuntime/7.29.0"
::1 - - [09/Apr/2022:03:08:13 +0000] "POST /api/downloadfile HTTP/1.1" 200 9 "-" "PostmanRuntime/7.29.0"
::1 - - [09/Apr/2022:03:08:17 +0000] "POST /api/idea/downloadfile HTTP/1.1" 401 68 "-" "PostmanRuntime/7.29.0"
::1 - - [09/Apr/2022:03:08:47 +0000] "POST /api/auth HTTP/1.1" 200 9 "-" "PostmanRuntime/7.29.0"
::1 - - [09/Apr/2022:03:08:49 +0000] "POST /auth HTTP/1.1" 200 9 "-" "PostmanRuntime/7.29.0"
::1 - - [09/Apr/2022:03:08:52 +0000] "POST /auth/login HTTP/1.1" 200 9 "-" "PostmanRuntime/7.29.0"
::1 - - [09/Apr/2022:03:09:05 +0000] "POST /api/auth/login HTTP/1.1" 400 67 "-" "PostmanRuntime/7.29.0"
::1 - - [09/Apr/2022:03:09:25 +0000] "POST /api/auth/login HTTP/1.1" 200 470 "-" "PostmanRuntime/7.29.0"
::1 - - [09/Apr/2022:03:10:43 +0000] "POST /api/idea/downloadfile HTTP/1.1" 500 2 "-" "PostmanRuntime/7.29.0"
::1 - - [09/Apr/2022:03:11:29 +0000] "POST /api/idea/downloadfile HTTP/1.1" 500 2 "-" "PostmanRuntime/7.29.0"
::1 - - [09/Apr/2022:03:12:12 +0000] "POST /api/idea/downloadfile HTTP/1.1" 500 2 "-" "PostmanRuntime/7.29.0"
::1 - - [09/Apr/2022:03:14:53 +0000] "POST /api/idea/downloadfile HTTP/1.1" 200 9 "-" "PostmanRuntime/7.29.0"
::1 - - [09/Apr/2022:03:17:51 +0000] "POST /api/idea/downloadfile HTTP/1.1" 500 2 "-" "PostmanRuntime/7.29.0"
::1 - - [09/Apr/2022:03:18:07 +0000] "POST /api/idea/downloadfile HTTP/1.1" 500 2 "-" "PostmanRuntime/7.29.0"
::1 - - [09/Apr/2022:03:18:28 +0000] "POST /api/idea/downloadfile HTTP/1.1" 500 2 "-" "PostmanRuntime/7.29.0"
::1 - - [09/Apr/2022:03:20:42 +0000] "POST /api/idea/downloadfile HTTP/1.1" 500 2 "-" "PostmanRuntime/7.29.0"
::1 - - [09/Apr/2022:03:20:52 +0000] "POST /api/idea/downloadfile HTTP/1.1" 500 2 "-" "PostmanRuntime/7.29.0"
::1 - - [09/Apr/2022:03:21:22 +0000] "POST /api/idea/downloadfile HTTP/1.1" 500 2 "-" "PostmanRuntime/7.29.0"
::1 - - [09/Apr/2022:03:22:42 +0000] "POST /api/idea/downloadfile HTTP/1.1" 500 2 "-" "PostmanRuntime/7.29.0"
::1 - - [09/Apr/2022:03:23:13 +0000] "POST /api/idea/downloadfile HTTP/1.1" 500 2 "-" "PostmanRuntime/7.29.0"
::1 - - [09/Apr/2022:03:23:34 +0000] "POST /api/idea/downloadfile HTTP/1.1" 500 2 "-" "PostmanRuntime/7.29.0"
::1 - - [09/Apr/2022:03:23:59 +0000] "POST /api/idea/downloadfile HTTP/1.1" 404 9 "-" "PostmanRuntime/7.29.0"
::1 - - [09/Apr/2022:03:24:22 +0000] "POST /api/idea/downloadfile HTTP/1.1" 404 9 "-" "PostmanRuntime/7.29.0"
::1 - - [09/Apr/2022:03:25:26 +0000] "POST /api/idea/downloadfile HTTP/1.1" 200 - "-" "PostmanRuntime/7.29.0"
::1 - - [09/Apr/2022:03:25:46 +0000] "POST /api/idea/downloadfile HTTP/1.1" 200 - "-" "PostmanRuntime/7.29.0"
::1 - - [09/Apr/2022:03:26:23 +0000] "POST /api/idea/downloadfile HTTP/1.1" 200 - "-" "PostmanRuntime/7.29.0"
::1 - - [09/Apr/2022:03:26:24 +0000] "POST /api/idea/downloadfile HTTP/1.1" 200 - "-" "PostmanRuntime/7.29.0"
::1 - - [09/Apr/2022:03:26:29 +0000] "POST /api/idea/downloadfile HTTP/1.1" 200 - "-" "PostmanRuntime/7.29.0"
::1 - - [09/Apr/2022:03:26:36 +0000] "POST /api/idea/downloadfile HTTP/1.1" 200 9 "-" "PostmanRuntime/7.29.0"
::1 - - [09/Apr/2022:03:27:43 +0000] "POST /api/idea/downloadfile HTTP/1.1" 200 9 "-" "PostmanRuntime/7.29.0"
::1 - - [09/Apr/2022:03:27:49 +0000] "POST /api/idea/downloadfile HTTP/1.1" 200 9 "-" "PostmanRuntime/7.29.0"
::1 - - [09/Apr/2022:03:27:57 +0000] "POST /api/idea/downloadfile HTTP/1.1" 200 9 "-" "PostmanRuntime/7.29.0"
::1 - - [09/Apr/2022:03:28:12 +0000] "POST /api/idea/downloadfile HTTP/1.1" 200 - "-" "PostmanRuntime/7.29.0"
::1 - - [09/Apr/2022:03:28:21 +0000] "POST /api/idea/downloadfile HTTP/1.1" 200 9 "-" "PostmanRuntime/7.29.0"
::1 - - [09/Apr/2022:03:30:44 +0000] "POST /api/idea/downloadfile HTTP/1.1" 500 160 "-" "PostmanRuntime/7.29.0"
::1 - - [09/Apr/2022:03:31:19 +0000] "POST /api/idea/downloadfile HTTP/1.1" 500 160 "-" "PostmanRuntime/7.29.0"
::1 - - [09/Apr/2022:03:32:44 +0000] "GET /uploads/276270758_3862731587343623_2010198310967369279_n-17fc548c9e3.png HTTP/1.1" 200 0 "-" "Mozilla/5.0 (Macintosh; Intel Mac OS X 10_15_7) AppleWebKit/537.36 (KHTML, like Gecko) Chrome/100.0.4896.75 Safari/537.36"
::1 - - [09/Apr/2022:03:32:44 +0000] "GET /favicon.ico HTTP/1.1" 200 4286 "http://localhost:8000/uploads/276270758_3862731587343623_2010198310967369279_n-17fc548c9e3.png" "Mozilla/5.0 (Macintosh; Intel Mac OS X 10_15_7) AppleWebKit/537.36 (KHTML, like Gecko) Chrome/100.0.4896.75 Safari/537.36"
::1 - - [09/Apr/2022:03:33:20 +0000] "GET /uploads/276270758_3862731587343623_2010198310967369279_n-17fc548c9e3.png HTTP/1.1" 200 0 "-" "Mozilla/5.0 (Macintosh; Intel Mac OS X 10_15_7) AppleWebKit/537.36 (KHTML, like Gecko) Chrome/100.0.4896.75 Safari/537.36"
::1 - - [09/Apr/2022:03:33:29 +0000] "GET /uploads/276270758_3862731587343623_2010198310967369279_n-17fc548c9e3.png HTTP/1.1" 200 0 "-" "Mozilla/5.0 (Macintosh; Intel Mac OS X 10_15_7) AppleWebKit/537.36 (KHTML, like Gecko) Chrome/100.0.4896.75 Safari/537.36"
::1 - - [09/Apr/2022:03:33:32 +0000] "GET /uploads/276270758_3862731587343623_2010198310967369279_n-17fc548c9e3.png HTTP/1.1" 200 0 "-" "Mozilla/5.0 (Macintosh; Intel Mac OS X 10_15_7) AppleWebKit/537.36 (KHTML, like Gecko) Chrome/100.0.4896.75 Safari/537.36"
::1 - - [09/Apr/2022:03:33:32 +0000] "GET /favicon.ico HTTP/1.1" 200 4286 "http://localhost:8000/uploads/276270758_3862731587343623_2010198310967369279_n-17fc548c9e3.png" "Mozilla/5.0 (Macintosh; Intel Mac OS X 10_15_7) AppleWebKit/537.36 (KHTML, like Gecko) Chrome/100.0.4896.75 Safari/537.36"
::1 - - [09/Apr/2022:03:33:44 +0000] "GET /uploads/276270758_3862731587343623_2010198310967369279_n-d%C3%A1.png HTTP/1.1" 200 9 "-" "Mozilla/5.0 (Macintosh; Intel Mac OS X 10_15_7) AppleWebKit/537.36 (KHTML, like Gecko) Chrome/100.0.4896.75 Safari/537.36"
::1 - - [09/Apr/2022:03:33:49 +0000] "GET /uploads/276270758_3862731587343623_2010198310967369279_n-17fc548c9e3.png HTTP/1.1" 200 0 "-" "Mozilla/5.0 (Macintosh; Intel Mac OS X 10_15_7) AppleWebKit/537.36 (KHTML, like Gecko) Chrome/100.0.4896.75 Safari/537.36"
::1 - - [09/Apr/2022:03:34:01 +0000] "POST /api/idea/downloadfile HTTP/1.1" 200 9 "-" "PostmanRuntime/7.29.0"
::1 - - [09/Apr/2022:03:34:17 +0000] "GET /uploads/276270758_3862731587343623_2010198310967369279_n-17fc548c9e3.png HTTP/1.1" 200 0 "-" "Mozilla/5.0 (Macintosh; Intel Mac OS X 10_15_7) AppleWebKit/537.36 (KHTML, like Gecko) Chrome/100.0.4896.75 Safari/537.36"
::1 - - [09/Apr/2022:03:34:17 +0000] "GET /favicon.ico HTTP/1.1" 200 4286 "http://localhost:8000/uploads/276270758_3862731587343623_2010198310967369279_n-17fc548c9e3.png" "Mozilla/5.0 (Macintosh; Intel Mac OS X 10_15_7) AppleWebKit/537.36 (KHTML, like Gecko) Chrome/100.0.4896.75 Safari/537.36"
::1 - - [09/Apr/2022:03:34:18 +0000] "GET /uploads/276270758_3862731587343623_2010198310967369279_n-17fc548c9e3.png HTTP/1.1" 200 0 "-" "Mozilla/5.0 (Macintosh; Intel Mac OS X 10_15_7) AppleWebKit/537.36 (KHTML, like Gecko) Chrome/100.0.4896.75 Safari/537.36"
::1 - - [09/Apr/2022:03:34:18 +0000] "GET /favicon.ico HTTP/1.1" 200 4286 "http://localhost:8000/uploads/276270758_3862731587343623_2010198310967369279_n-17fc548c9e3.png" "Mozilla/5.0 (Macintosh; Intel Mac OS X 10_15_7) AppleWebKit/537.36 (KHTML, like Gecko) Chrome/100.0.4896.75 Safari/537.36"
::1 - - [09/Apr/2022:03:34:19 +0000] "GET /uploads/276270758_3862731587343623_2010198310967369279_n-17fc548c9e3.png HTTP/1.1" 200 0 "-" "Mozilla/5.0 (Macintosh; Intel Mac OS X 10_15_7) AppleWebKit/537.36 (KHTML, like Gecko) Chrome/100.0.4896.75 Safari/537.36"
::1 - - [09/Apr/2022:03:34:19 +0000] "GET /favicon.ico HTTP/1.1" 200 4286 "http://localhost:8000/uploads/276270758_3862731587343623_2010198310967369279_n-17fc548c9e3.png" "Mozilla/5.0 (Macintosh; Intel Mac OS X 10_15_7) AppleWebKit/537.36 (KHTML, like Gecko) Chrome/100.0.4896.75 Safari/537.36"
::1 - - [09/Apr/2022:03:34:19 +0000] "GET /uploads/276270758_3862731587343623_2010198310967369279_n-17fc548c9e3.png HTTP/1.1" 200 0 "-" "Mozilla/5.0 (Macintosh; Intel Mac OS X 10_15_7) AppleWebKit/537.36 (KHTML, like Gecko) Chrome/100.0.4896.75 Safari/537.36"
::1 - - [09/Apr/2022:03:34:19 +0000] "GET /favicon.ico HTTP/1.1" 200 4286 "http://localhost:8000/uploads/276270758_3862731587343623_2010198310967369279_n-17fc548c9e3.png" "Mozilla/5.0 (Macintosh; Intel Mac OS X 10_15_7) AppleWebKit/537.36 (KHTML, like Gecko) Chrome/100.0.4896.75 Safari/537.36"
::1 - - [09/Apr/2022:03:34:20 +0000] "GET /uploads/276270758_3862731587343623_2010198310967369279_n-17fc548c9e3.png HTTP/1.1" 200 0 "-" "Mozilla/5.0 (Macintosh; Intel Mac OS X 10_15_7) AppleWebKit/537.36 (KHTML, like Gecko) Chrome/100.0.4896.75 Safari/537.36"
::1 - - [09/Apr/2022:03:34:20 +0000] "GET /favicon.ico HTTP/1.1" 200 4286 "http://localhost:8000/uploads/276270758_3862731587343623_2010198310967369279_n-17fc548c9e3.png" "Mozilla/5.0 (Macintosh; Intel Mac OS X 10_15_7) AppleWebKit/537.36 (KHTML, like Gecko) Chrome/100.0.4896.75 Safari/537.36"
::1 - - [09/Apr/2022:03:34:35 +0000] "GET /uploads/276270758_3862731587343623_2010198310967369279_n-17fc548c9e3.png HTTP/1.1" 200 0 "-" "Mozilla/5.0 (Macintosh; Intel Mac OS X 10_15_7) AppleWebKit/537.36 (KHTML, like Gecko) Chrome/100.0.4896.75 Safari/537.36"
::1 - - [09/Apr/2022:03:34:44 +0000] "GET /uploads/-17fc548c9e3.png HTTP/1.1" 200 9 "-" "Mozilla/5.0 (Macintosh; Intel Mac OS X 10_15_7) AppleWebKit/537.36 (KHTML, like Gecko) Chrome/100.0.4896.75 Safari/537.36"
::1 - - [09/Apr/2022:03:37:28 +0000] "POST /api/idea/downloadfile HTTP/1.1" 200 9 "-" "PostmanRuntime/7.29.0"
::1 - - [09/Apr/2022:03:37:40 +0000] "POST /api/idea/downloadfile HTTP/1.1" 200 9 "-" "PostmanRuntime/7.29.0"
::1 - - [09/Apr/2022:03:38:55 +0000] "GET /api/idea/downloadfile?title=276270758_3862731587343623_2010198310967369279_n-17fc548c9e3.png HTTP/1.1" 200 9 "-" "Mozilla/5.0 (Macintosh; Intel Mac OS X 10_15_7) AppleWebKit/537.36 (KHTML, like Gecko) Chrome/100.0.4896.75 Safari/537.36"
::1 - - [09/Apr/2022:03:39:28 +0000] "GET /api/idea/downloadfile?title=276270758_3862731587343623_2010198310967369279_n-17fc548c9e3.png HTTP/1.1" 200 9 "-" "PostmanRuntime/7.29.0"
::1 - - [09/Apr/2022:03:39:53 +0000] "GET /api/idea/downloadfile?title=276270758_3862731587343623_2010198310967369279_n-17fc548c9e3.png HTTP/1.1" 200 9 "-" "PostmanRuntime/7.29.0"
::1 - - [09/Apr/2022:03:40:01 +0000] "GET /api/idea/downloadfile?title=276270758_3862731587343623_2010198310967369279_n-17fc548c9e3.png HTTP/1.1" 200 9 "-" "PostmanRuntime/7.29.0"
::1 - - [09/Apr/2022:03:40:10 +0000] "GET /api/idea/downloadFile?title=276270758_3862731587343623_2010198310967369279_n-17fc548c9e3.png HTTP/1.1" 200 9 "-" "PostmanRuntime/7.29.0"
::1 - - [09/Apr/2022:03:40:25 +0000] "GET /api/idea/downloadFile?title=276270758_3862731587343623_2010198310967369279_n-17fc548c9e3.png HTTP/1.1" 200 9 "-" "PostmanRuntime/7.29.0"
::1 - - [09/Apr/2022:03:40:35 +0000] "GET /api/idea/downloadFile?title=276270758_3862731587343623_2010198310967369279_n-17fc548c9e3.png HTTP/1.1" 200 9 "-" "PostmanRuntime/7.29.0"
::1 - - [09/Apr/2022:03:40:56 +0000] "GET /api/idea/downloadFile?title=276270758_3862731587343623_2010198310967369279_n-17fc548c9e3.png HTTP/1.1" 200 9 "-" "Mozilla/5.0 (Macintosh; Intel Mac OS X 10_15_7) AppleWebKit/537.36 (KHTML, like Gecko) Chrome/100.0.4896.75 Safari/537.36"
::1 - - [09/Apr/2022:03:41:14 +0000] "GET /api/idea/downloadFile HTTP/1.1" 200 9 "-" "Mozilla/5.0 (Macintosh; Intel Mac OS X 10_15_7) AppleWebKit/537.36 (KHTML, like Gecko) Chrome/100.0.4896.75 Safari/537.36"
::1 - - [09/Apr/2022:03:41:38 +0000] "GET /api/idea/downloadFile?title=276270758_3862731587343623_2010198310967369279_n-17fc548c9e3.png HTTP/1.1" 500 2 "-" "PostmanRuntime/7.29.0"
::1 - - [09/Apr/2022:03:42:42 +0000] "GET /api/idea/downloadFile?title=276270758_3862731587343623_2010198310967369279_n-17fc548c9e3.png HTTP/1.1" 500 2 "-" "PostmanRuntime/7.29.0"
::1 - - [09/Apr/2022:03:43:03 +0000] "GET /api/idea/downloadFile?title=276270758_3862731587343623_2010198310967369279_n-17fc548c9e3.png HTTP/1.1" 500 2 "-" "PostmanRuntime/7.29.0"
::1 - - [09/Apr/2022:03:43:15 +0000] "GET /api/downloadFile?title=276270758_3862731587343623_2010198310967369279_n-17fc548c9e3.png HTTP/1.1" 500 2 "-" "PostmanRuntime/7.29.0"
::1 - - [09/Apr/2022:03:43:27 +0000] "GET /api/downloadFile?title=276270758_3862731587343623_2010198310967369279_n-17fc548c9e3.png HTTP/1.1" 200 9 "-" "PostmanRuntime/7.29.0"
::1 - - [09/Apr/2022:03:43:37 +0000] "GET /api/downloadFile?title=276270758_3862731587343623_2010198310967369279_n-17fc548c9e3.png HTTP/1.1" 200 9 "-" "Mozilla/5.0 (Macintosh; Intel Mac OS X 10_15_7) AppleWebKit/537.36 (KHTML, like Gecko) Chrome/100.0.4896.75 Safari/537.36"
::1 - - [09/Apr/2022:03:44:02 +0000] "GET /api/idea/downloadFile?title=Business-Requirement-17fb07905be.docx HTTP/1.1" 500 2 "-" "Mozilla/5.0 (Macintosh; Intel Mac OS X 10_15_7) AppleWebKit/537.36 (KHTML, like Gecko) Chrome/100.0.4896.75 Safari/537.36"
::1 - - [09/Apr/2022:03:44:13 +0000] "GET /api/idea/downloadFile?title=276270758_3862731587343623_2010198310967369279_n-17fc548c9e3.png HTTP/1.1" 500 2 "-" "Mozilla/5.0 (Macintosh; Intel Mac OS X 10_15_7) AppleWebKit/537.36 (KHTML, like Gecko) Chrome/100.0.4896.75 Safari/537.36"
::1 - - [09/Apr/2022:03:44:31 +0000] "GET /api/downloadFile?title=276270758_3862731587343623_2010198310967369279_n-17fc548c9e3.png HTTP/1.1" 200 9 "-" "Mozilla/5.0 (Macintosh; Intel Mac OS X 10_15_7) AppleWebKit/537.36 (KHTML, like Gecko) Chrome/100.0.4896.75 Safari/537.36"
::1 - - [09/Apr/2022:03:44:38 +0000] "GET /api/idea/downloadFile?title=276270758_3862731587343623_2010198310967369279_n-17fc548c9e3.png HTTP/1.1" 500 2 "-" "Mozilla/5.0 (Macintosh; Intel Mac OS X 10_15_7) AppleWebKit/537.36 (KHTML, like Gecko) Chrome/100.0.4896.75 Safari/537.36"
::1 - - [09/Apr/2022:03:44:38 +0000] "GET /favicon.ico HTTP/1.1" 200 4286 "http://localhost:8000/api/idea/downloadFile?title=276270758_3862731587343623_2010198310967369279_n-17fc548c9e3.png" "Mozilla/5.0 (Macintosh; Intel Mac OS X 10_15_7) AppleWebKit/537.36 (KHTML, like Gecko) Chrome/100.0.4896.75 Safari/537.36"
::1 - - [09/Apr/2022:03:44:49 +0000] "GET /api/idea/downloadFile?title=Business-Requirement-17fb07905be.docx HTTP/1.1" 500 2 "-" "Mozilla/5.0 (Macintosh; Intel Mac OS X 10_15_7) AppleWebKit/537.36 (KHTML, like Gecko) Chrome/100.0.4896.75 Safari/537.36"
::1 - - [09/Apr/2022:03:44:54 +0000] "GET /api/downloadFile?title=Business-Requirement-17fb07905be.docx HTTP/1.1" 200 9 "-" "Mozilla/5.0 (Macintosh; Intel Mac OS X 10_15_7) AppleWebKit/537.36 (KHTML, like Gecko) Chrome/100.0.4896.75 Safari/537.36"
::1 - - [09/Apr/2022:03:53:48 +0000] "GET /api/downloadFile?title=276270758_3862731587343623_2010198310967369279_n-17fc548c9e3.png HTTP/1.1" 500 152 "-" "PostmanRuntime/7.29.0"
::1 - - [09/Apr/2022:03:53:53 +0000] "GET /uploads/276270758_3862731587343623_2010198310967369279_n-17fc548c9e3.png HTTP/1.1" 200 0 "-" "Mozilla/5.0 (Macintosh; Intel Mac OS X 10_15_7) AppleWebKit/537.36 (KHTML, like Gecko) Chrome/100.0.4896.75 Safari/537.36"
::1 - - [09/Apr/2022:03:53:59 +0000] "GET /api/idea/downloadFile?title=Business-Requirement-17fb07905be.docx HTTP/1.1" 500 2 "-" "Mozilla/5.0 (Macintosh; Intel Mac OS X 10_15_7) AppleWebKit/537.36 (KHTML, like Gecko) Chrome/100.0.4896.75 Safari/537.36"
::1 - - [09/Apr/2022:03:53:59 +0000] "GET /favicon.ico HTTP/1.1" 200 4286 "http://localhost:8000/api/idea/downloadFile?title=Business-Requirement-17fb07905be.docx" "Mozilla/5.0 (Macintosh; Intel Mac OS X 10_15_7) AppleWebKit/537.36 (KHTML, like Gecko) Chrome/100.0.4896.75 Safari/537.36"
::1 - - [09/Apr/2022:03:54:03 +0000] "GET /api/downloadFile?title=Business-Requirement-17fb07905be.docx HTTP/1.1" 500 125 "-" "Mozilla/5.0 (Macintosh; Intel Mac OS X 10_15_7) AppleWebKit/537.36 (KHTML, like Gecko) Chrome/100.0.4896.75 Safari/537.36"
::1 - - [09/Apr/2022:03:54:12 +0000] "GET /uploads/Business-Requirement-17fb07905be.docx HTTP/1.1" 200 14019 "-" "Mozilla/5.0 (Macintosh; Intel Mac OS X 10_15_7) AppleWebKit/537.36 (KHTML, like Gecko) Chrome/100.0.4896.75 Safari/537.36"
::1 - - [09/Apr/2022:03:54:37 +0000] "GET /api/downloadFile HTTP/1.1" 500 125 "-" "Mozilla/5.0 (Macintosh; Intel Mac OS X 10_15_7) AppleWebKit/537.36 (KHTML, like Gecko) Chrome/100.0.4896.75 Safari/537.36"
::1 - - [09/Apr/2022:03:54:40 +0000] "GET /api/downloadFile HTTP/1.1" 500 125 "-" "Mozilla/5.0 (Macintosh; Intel Mac OS X 10_15_7) AppleWebKit/537.36 (KHTML, like Gecko) Chrome/100.0.4896.75 Safari/537.36"
::1 - - [09/Apr/2022:03:54:40 +0000] "GET /favicon.ico HTTP/1.1" 200 4286 "http://localhost:8000/api/downloadFile" "Mozilla/5.0 (Macintosh; Intel Mac OS X 10_15_7) AppleWebKit/537.36 (KHTML, like Gecko) Chrome/100.0.4896.75 Safari/537.36"
::1 - - [09/Apr/2022:03:54:41 +0000] "GET /api/downloadFile HTTP/1.1" 500 125 "-" "Mozilla/5.0 (Macintosh; Intel Mac OS X 10_15_7) AppleWebKit/537.36 (KHTML, like Gecko) Chrome/100.0.4896.75 Safari/537.36"
::1 - - [09/Apr/2022:03:54:42 +0000] "GET /favicon.ico HTTP/1.1" 200 4286 "http://localhost:8000/api/downloadFile" "Mozilla/5.0 (Macintosh; Intel Mac OS X 10_15_7) AppleWebKit/537.36 (KHTML, like Gecko) Chrome/100.0.4896.75 Safari/537.36"
::1 - - [09/Apr/2022:03:54:42 +0000] "GET /api/downloadFile HTTP/1.1" 500 125 "-" "Mozilla/5.0 (Macintosh; Intel Mac OS X 10_15_7) AppleWebKit/537.36 (KHTML, like Gecko) Chrome/100.0.4896.75 Safari/537.36"
::1 - - [09/Apr/2022:03:54:42 +0000] "GET /favicon.ico HTTP/1.1" 200 4286 "http://localhost:8000/api/downloadFile" "Mozilla/5.0 (Macintosh; Intel Mac OS X 10_15_7) AppleWebKit/537.36 (KHTML, like Gecko) Chrome/100.0.4896.75 Safari/537.36"
::1 - - [09/Apr/2022:03:55:15 +0000] "GET /api/downloadFile?title=276270758_3862731587343623_2010198310967369279_n-17fc548c9e3.png HTTP/1.1" 500 111 "-" "PostmanRuntime/7.29.0"
::1 - - [09/Apr/2022:03:55:50 +0000] "GET /api/downloadFile?title=276270758_3862731587343623_2010198310967369279_n-17fc548c9e3.png HTTP/1.1" 500 127 "-" "PostmanRuntime/7.29.0"
::1 - - [09/Apr/2022:03:56:26 +0000] "GET /api/downloadFile?title=276270758_3862731587343623_2010198310967369279_n-17fc548c9e3.png HTTP/1.1" 500 2 "-" "PostmanRuntime/7.29.0"
::1 - - [09/Apr/2022:03:56:42 +0000] "GET /api/downloadFile?title=276270758_3862731587343623_2010198310967369279_n-17fc548c9e3.png HTTP/1.1" 500 2 "-" "PostmanRuntime/7.29.0"
::1 - - [09/Apr/2022:03:57:33 +0000] "GET /api/downloadFile?title=276270758_3862731587343623_2010198310967369279_n-17fc548c9e3.png HTTP/1.1" 500 2 "-" "PostmanRuntime/7.29.0"
::1 - - [09/Apr/2022:03:57:50 +0000] "GET /api/downloadFile?title=276270758_3862731587343623_2010198310967369279_n-17fc548c9e3.png HTTP/1.1" 500 2 "-" "PostmanRuntime/7.29.0"
::1 - - [09/Apr/2022:04:00:32 +0000] "GET /api/downloadFile HTTP/1.1" 500 156 "-" "PostmanRuntime/7.29.0"
::1 - - [09/Apr/2022:04:01:06 +0000] "GET /api/downloadFile HTTP/1.1" 200 11494 "-" "PostmanRuntime/7.29.0"
::1 - - [09/Apr/2022:04:01:25 +0000] "GET /api/downloadFile HTTP/1.1" 200 11494 "-" "PostmanRuntime/7.29.0"
::1 - - [09/Apr/2022:04:02:02 +0000] "GET /api/downloadFile HTTP/1.1" 500 101 "-" "PostmanRuntime/7.29.0"
::1 - - [09/Apr/2022:04:02:22 +0000] "GET /api/downloadFile HTTP/1.1" 500 138 "-" "PostmanRuntime/7.29.0"
::1 - - [09/Apr/2022:04:03:25 +0000] "GET /api/downloadFile HTTP/1.1" 200 11494 "-" "PostmanRuntime/7.29.0"
::1 - - [09/Apr/2022:04:03:28 +0000] "GET /api/downloadFile HTTP/1.1" 200 11494 "-" "PostmanRuntime/7.29.0"
::1 - - [09/Apr/2022:04:03:38 +0000] "GET /api/downloadFile HTTP/1.1" 500 82 "-" "PostmanRuntime/7.29.0"
::1 - - [09/Apr/2022:04:03:44 +0000] "GET /api/downloadFile HTTP/1.1" 500 82 "-" "PostmanRuntime/7.29.0"
::1 - - [09/Apr/2022:04:03:48 +0000] "GET /api/downloadFile HTTP/1.1" 500 79 "-" "PostmanRuntime/7.29.0"
::1 - - [09/Apr/2022:04:03:49 +0000] "GET /api/downloadFile HTTP/1.1" 500 79 "-" "PostmanRuntime/7.29.0"
::1 - - [09/Apr/2022:04:03:53 +0000] "GET /api/downloadFile HTTP/1.1" 500 76 "-" "PostmanRuntime/7.29.0"
::1 - - [09/Apr/2022:04:03:58 +0000] "GET /api/downloadFile HTTP/1.1" 500 74 "-" "PostmanRuntime/7.29.0"
::1 - - [09/Apr/2022:04:04:03 +0000] "GET /api/downloadFile HTTP/1.1" 200 11494 "-" "PostmanRuntime/7.29.0"
::1 - - [09/Apr/2022:04:07:26 +0000] "GET /api/downloadFile HTTP/1.1" 500 65 "-" "PostmanRuntime/7.29.0"
::1 - - [09/Apr/2022:04:07:51 +0000] "GET /api/downloadFile HTTP/1.1" 200 11494 "-" "PostmanRuntime/7.29.0"
::1 - - [09/Apr/2022:04:08:16 +0000] "GET /api/downloadFile HTTP/1.1" 200 11494 "-" "Mozilla/5.0 (Macintosh; Intel Mac OS X 10_15_7) AppleWebKit/537.36 (KHTML, like Gecko) Chrome/100.0.4896.75 Safari/537.36"
::1 - - [09/Apr/2022:04:08:43 +0000] "GET /api/downloadFile HTTP/1.1" 200 11494 "-" "Mozilla/5.0 (Macintosh; Intel Mac OS X 10_15_7) AppleWebKit/537.36 (KHTML, like Gecko) Chrome/100.0.4896.75 Safari/537.36"
